<?xml version="1.0" encoding="UTF-8"?>
<testsuite name="com.planradar.weatherassessment.cities.domain.usecase.GetCitiesUseCaseTest" tests="2" skipped="0" failures="0" errors="0" timestamp="2025-11-16T16:32:06" hostname="Ahmed-El-Shazly.local" time="0.143">
  <properties/>
  <testcase name="invoke should return list of cities from repository" classname="com.planradar.weatherassessment.cities.domain.usecase.GetCitiesUseCaseTest" time="0.138"/>
  <testcase name="invoke should return empty list when repository returns empty list" classname="com.planradar.weatherassessment.cities.domain.usecase.GetCitiesUseCaseTest" time="0.005"/>
  <system-out><![CDATA[]]></system-out>
  <system-err><![CDATA[]]></system-err>
</testsuite>
